app/build/intermediates/manifest_merge_blame_file/release/manifest-merger-blame-release-report.txt
1<?xml version="1.0" encoding="utf-8"?>
2<manifest xmlns:android="http://schemas.android.com/apk/res/android"
3    package="de.hs_kl.imst.gatav.tilerenderer"
4    android:versionCode="1"
5    android:versionName="1.0" >
6
7    <uses-sdk
8        android:minSdkVersion="15"
8-->src\main\AndroidManifest.xml
9        android:targetSdkVersion="30" />
9-->src\main\AndroidManifest.xml
10
11    <application
11-->src\main\AndroidManifest.xml:5:5-23:19
12        android:allowBackup="true"
12-->src\main\AndroidManifest.xml:6:9-35
13        android:icon="@mipmap/ic_launcher"
13-->src\main\AndroidManifest.xml:7:9-43
14        android:label="@string/app_name"
14-->src\main\AndroidManifest.xml:8:9-41
15        android:theme="@style/AppTheme" >
15-->src\main\AndroidManifest.xml:9:9-40
16        <activity
16-->src\main\AndroidManifest.xml:10:9-14:20
17            android:name="de.hs_kl.imst.gatav.tilerenderer.MainGameActivity"
17-->src\main\AndroidManifest.xml:11:13-45
18            android:label="@string/app_name"
18-->src\main\AndroidManifest.xml:12:13-45
19            android:screenOrientation="landscape" >
19-->src\main\AndroidManifest.xml:13:13-50
20        </activity>
21        <activity
21-->src\main\AndroidManifest.xml:15:9-22:20
22            android:name="de.hs_kl.imst.gatav.tilerenderer.MainActivity"
22-->src\main\AndroidManifest.xml:15:19-47
23            android:label="@string/app_name"
23-->src\main\AndroidManifest.xml:16:13-45
24            android:screenOrientation="landscape" >
24-->src\main\AndroidManifest.xml:17:13-50
25            <intent-filter>
25-->src\main\AndroidManifest.xml:18:13-21:29
26                <action android:name="android.intent.action.MAIN" />
26-->src\main\AndroidManifest.xml:19:17-69
26-->src\main\AndroidManifest.xml:19:25-66
27
28                <category android:name="android.intent.category.LAUNCHER" />
28-->src\main\AndroidManifest.xml:20:17-77
28-->src\main\AndroidManifest.xml:20:27-74
29            </intent-filter>
30        </activity>
31    </application>
32
33</manifest>